<?xml version="1.0" encoding="UTF-8"?>
<testsuite xmlns:xsi="http://www.w3.org/2001/XMLSchema-instance" xsi:noNamespaceSchemaLocation="https://maven.apache.org/surefire/maven-surefire-plugin/xsd/surefire-test-report.xsd" name="com.badge.server.ServerApplicationTests" time="0.385" tests="0" errors="0" skipped="0" failures="0">
  <properties>
    <property name="gopherProxySet" value="false"/>
    <property name="awt.toolkit" value="sun.lwawt.macosx.LWCToolkit"/>
    <property name="file.encoding.pkg" value="sun.io"/>
    <property name="java.specification.version" value="1.8"/>
    <property name="sun.cpu.isalist" value=""/>
    <property name="sun.jnu.encoding" value="UTF-8"/>
    <property name="java.class.path" value="/Users/hejie/Desktop/BadgeServer/server/target/test-classes:/Users/hejie/Desktop/BadgeServer/server/target/classes:/Users/hejie/Documents/repository/org/springframework/boot/spring-boot-starter-web/2.4.4/spring-boot-starter-web-2.4.4.jar:/Users/hejie/Documents/repository/org/springframework/boot/spring-boot-starter/2.4.4/spring-boot-starter-2.4.4.jar:/Users/hejie/Documents/repository/org/springframework/boot/spring-boot-starter-logging/2.4.4/spring-boot-starter-logging-2.4.4.jar:/Users/hejie/Documents/repository/ch/qos/logback/logback-classic/1.2.3/logback-classic-1.2.3.jar:/Users/hejie/Documents/repository/ch/qos/logback/logback-core/1.2.3/logback-core-1.2.3.jar:/Users/hejie/Documents/repository/org/apache/logging/log4j/log4j-to-slf4j/2.13.3/log4j-to-slf4j-2.13.3.jar:/Users/hejie/Documents/repository/org/apache/logging/log4j/log4j-api/2.13.3/log4j-api-2.13.3.jar:/Users/hejie/Documents/repository/org/slf4j/jul-to-slf4j/1.7.30/jul-to-slf4j-1.7.30.jar:/Users/hejie/Documents/repository/org/yaml/snakeyaml/1.27/snakeyaml-1.27.jar:/Users/hejie/Documents/repository/org/springframework/boot/spring-boot-starter-json/2.4.4/spring-boot-starter-json-2.4.4.jar:/Users/hejie/Documents/repository/com/fasterxml/jackson/datatype/jackson-datatype-jdk8/2.11.4/jackson-datatype-jdk8-2.11.4.jar:/Users/hejie/Documents/repository/com/fasterxml/jackson/datatype/jackson-datatype-jsr310/2.11.4/jackson-datatype-jsr310-2.11.4.jar:/Users/hejie/Documents/repository/com/fasterxml/jackson/module/jackson-module-parameter-names/2.11.4/jackson-module-parameter-names-2.11.4.jar:/Users/hejie/Documents/repository/org/springframework/spring-web/5.3.5/spring-web-5.3.5.jar:/Users/hejie/Documents/repository/org/springframework/spring-beans/5.3.5/spring-beans-5.3.5.jar:/Users/hejie/Documents/repository/org/springframework/spring-webmvc/5.3.5/spring-webmvc-5.3.5.jar:/Users/hejie/Documents/repository/org/springframework/spring-aop/5.3.5/spring-aop-5.3.5.jar:/Users/hejie/Documents/repository/org/springframework/spring-context/5.3.5/spring-context-5.3.5.jar:/Users/hejie/Documents/repository/org/springframework/spring-expression/5.3.5/spring-expression-5.3.5.jar:/Users/hejie/Documents/repository/org/springframework/boot/spring-boot-starter-tomcat/2.4.4/spring-boot-starter-tomcat-2.4.4.jar:/Users/hejie/Documents/repository/jakarta/annotation/jakarta.annotation-api/1.3.5/jakarta.annotation-api-1.3.5.jar:/Users/hejie/Documents/repository/org/apache/tomcat/embed/tomcat-embed-core/9.0.44/tomcat-embed-core-9.0.44.jar:/Users/hejie/Documents/repository/org/glassfish/jakarta.el/3.0.3/jakarta.el-3.0.3.jar:/Users/hejie/Documents/repository/org/apache/tomcat/embed/tomcat-embed-websocket/9.0.44/tomcat-embed-websocket-9.0.44.jar:/Users/hejie/Documents/repository/org/junit/jupiter/junit-jupiter-api/5.7.1/junit-jupiter-api-5.7.1.jar:/Users/hejie/Documents/repository/org/apiguardian/apiguardian-api/1.1.0/apiguardian-api-1.1.0.jar:/Users/hejie/Documents/repository/org/opentest4j/opentest4j/1.2.0/opentest4j-1.2.0.jar:/Users/hejie/Documents/repository/org/junit/platform/junit-platform-commons/1.7.1/junit-platform-commons-1.7.1.jar:/Users/hejie/Documents/repository/com/alibaba/fastjson/1.2.75/fastjson-1.2.75.jar:/Users/hejie/Documents/repository/javax/servlet/javax.servlet-api/4.0.1/javax.servlet-api-4.0.1.jar:/Users/hejie/Documents/repository/org/springframework/boot/spring-boot-starter-data-jpa/2.4.4/spring-boot-starter-data-jpa-2.4.4.jar:/Users/hejie/Documents/repository/org/springframework/boot/spring-boot-starter-aop/2.4.4/spring-boot-starter-aop-2.4.4.jar:/Users/hejie/Documents/repository/org/aspectj/aspectjweaver/1.9.6/aspectjweaver-1.9.6.jar:/Users/hejie/Documents/repository/org/springframework/boot/spring-boot-starter-jdbc/2.4.4/spring-boot-starter-jdbc-2.4.4.jar:/Users/hejie/Documents/repository/com/zaxxer/HikariCP/3.4.5/HikariCP-3.4.5.jar:/Users/hejie/Documents/repository/org/springframework/spring-jdbc/5.3.5/spring-jdbc-5.3.5.jar:/Users/hejie/Documents/repository/jakarta/transaction/jakarta.transaction-api/1.3.3/jakarta.transaction-api-1.3.3.jar:/Users/hejie/Documents/repository/jakarta/persistence/jakarta.persistence-api/2.2.3/jakarta.persistence-api-2.2.3.jar:/Users/hejie/Documents/repository/org/hibernate/hibernate-core/5.4.29.Final/hibernate-core-5.4.29.Final.jar:/Users/hejie/Documents/repository/org/jboss/logging/jboss-logging/3.4.1.Final/jboss-logging-3.4.1.Final.jar:/Users/hejie/Documents/repository/org/javassist/javassist/3.27.0-GA/javassist-3.27.0-GA.jar:/Users/hejie/Documents/repository/net/bytebuddy/byte-buddy/1.10.22/byte-buddy-1.10.22.jar:/Users/hejie/Documents/repository/antlr/antlr/2.7.7/antlr-2.7.7.jar:/Users/hejie/Documents/repository/org/jboss/jandex/2.2.3.Final/jandex-2.2.3.Final.jar:/Users/hejie/Documents/repository/com/fasterxml/classmate/1.5.1/classmate-1.5.1.jar:/Users/hejie/Documents/repository/org/dom4j/dom4j/2.1.3/dom4j-2.1.3.jar:/Users/hejie/Documents/repository/org/hibernate/common/hibernate-commons-annotations/5.1.2.Final/hibernate-commons-annotations-5.1.2.Final.jar:/Users/hejie/Documents/repository/org/glassfish/jaxb/jaxb-runtime/2.3.3/jaxb-runtime-2.3.3.jar:/Users/hejie/Documents/repository/org/glassfish/jaxb/txw2/2.3.3/txw2-2.3.3.jar:/Users/hejie/Documents/repository/com/sun/istack/istack-commons-runtime/3.0.11/istack-commons-runtime-3.0.11.jar:/Users/hejie/Documents/repository/com/sun/activation/jakarta.activation/1.2.2/jakarta.activation-1.2.2.jar:/Users/hejie/Documents/repository/org/springframework/data/spring-data-jpa/2.4.6/spring-data-jpa-2.4.6.jar:/Users/hejie/Documents/repository/org/springframework/data/spring-data-commons/2.4.6/spring-data-commons-2.4.6.jar:/Users/hejie/Documents/repository/org/springframework/spring-orm/5.3.5/spring-orm-5.3.5.jar:/Users/hejie/Documents/repository/org/springframework/spring-tx/5.3.5/spring-tx-5.3.5.jar:/Users/hejie/Documents/repository/org/slf4j/slf4j-api/1.7.30/slf4j-api-1.7.30.jar:/Users/hejie/Documents/repository/org/springframework/spring-aspects/5.3.5/spring-aspects-5.3.5.jar:/Users/hejie/Documents/repository/org/springframework/boot/spring-boot-devtools/2.4.4/spring-boot-devtools-2.4.4.jar:/Users/hejie/Documents/repository/org/springframework/boot/spring-boot/2.4.4/spring-boot-2.4.4.jar:/Users/hejie/Documents/repository/org/springframework/boot/spring-boot-autoconfigure/2.4.4/spring-boot-autoconfigure-2.4.4.jar:/Users/hejie/Documents/repository/com/h2database/h2/1.4.200/h2-1.4.200.jar:/Users/hejie/Documents/repository/mysql/mysql-connector-java/8.0.11/mysql-connector-java-8.0.11.jar:/Users/hejie/Documents/repository/org/springframework/boot/spring-boot-starter-test/2.4.4/spring-boot-starter-test-2.4.4.jar:/Users/hejie/Documents/repository/org/springframework/boot/spring-boot-test/2.4.4/spring-boot-test-2.4.4.jar:/Users/hejie/Documents/repository/org/springframework/boot/spring-boot-test-autoconfigure/2.4.4/spring-boot-test-autoconfigure-2.4.4.jar:/Users/hejie/Documents/repository/com/jayway/jsonpath/json-path/2.4.0/json-path-2.4.0.jar:/Users/hejie/Documents/repository/net/minidev/json-smart/2.3/json-smart-2.3.jar:/Users/hejie/Documents/repository/net/minidev/accessors-smart/1.2/accessors-smart-1.2.jar:/Users/hejie/Documents/repository/org/ow2/asm/asm/5.0.4/asm-5.0.4.jar:/Users/hejie/Documents/repository/jakarta/xml/bind/jakarta.xml.bind-api/2.3.3/jakarta.xml.bind-api-2.3.3.jar:/Users/hejie/Documents/repository/jakarta/activation/jakarta.activation-api/1.2.2/jakarta.activation-api-1.2.2.jar:/Users/hejie/Documents/repository/org/assertj/assertj-core/3.18.1/assertj-core-3.18.1.jar:/Users/hejie/Documents/repository/org/hamcrest/hamcrest/2.2/hamcrest-2.2.jar:/Users/hejie/Documents/repository/org/junit/jupiter/junit-jupiter/5.7.1/junit-jupiter-5.7.1.jar:/Users/hejie/Documents/repository/org/junit/jupiter/junit-jupiter-params/5.7.1/junit-jupiter-params-5.7.1.jar:/Users/hejie/Documents/repository/org/junit/jupiter/junit-jupiter-engine/5.7.1/junit-jupiter-engine-5.7.1.jar:/Users/hejie/Documents/repository/org/junit/platform/junit-platform-engine/1.7.1/junit-platform-engine-1.7.1.jar:/Users/hejie/Documents/repository/org/mockito/mockito-core/3.6.28/mockito-core-3.6.28.jar:/Users/hejie/Documents/repository/net/bytebuddy/byte-buddy-agent/1.10.22/byte-buddy-agent-1.10.22.jar:/Users/hejie/Documents/repository/org/objenesis/objenesis/3.1/objenesis-3.1.jar:/Users/hejie/Documents/repository/org/mockito/mockito-junit-jupiter/3.6.28/mockito-junit-jupiter-3.6.28.jar:/Users/hejie/Documents/repository/org/skyscreamer/jsonassert/1.5.0/jsonassert-1.5.0.jar:/Users/hejie/Documents/repository/com/vaadin/external/google/android-json/0.0.20131108.vaadin1/android-json-0.0.20131108.vaadin1.jar:/Users/hejie/Documents/repository/org/springframework/spring-core/5.3.5/spring-core-5.3.5.jar:/Users/hejie/Documents/repository/org/springframework/spring-jcl/5.3.5/spring-jcl-5.3.5.jar:/Users/hejie/Documents/repository/org/springframework/spring-test/5.3.5/spring-test-5.3.5.jar:/Users/hejie/Documents/repository/org/xmlunit/xmlunit-core/2.7.0/xmlunit-core-2.7.0.jar:/Users/hejie/Documents/repository/javax/validation/validation-api/2.0.1.Final/validation-api-2.0.1.Final.jar:/Users/hejie/Documents/repository/com/google/code/gson/gson/2.8.5/gson-2.8.5.jar:/Users/hejie/Documents/repository/io/jsonwebtoken/jjwt/0.9.0/jjwt-0.9.0.jar:/Users/hejie/Documents/repository/com/fasterxml/jackson/core/jackson-databind/2.11.4/jackson-databind-2.11.4.jar:/Users/hejie/Documents/repository/com/fasterxml/jackson/core/jackson-annotations/2.11.4/jackson-annotations-2.11.4.jar:/Users/hejie/Documents/repository/com/fasterxml/jackson/core/jackson-core/2.11.4/jackson-core-2.11.4.jar:/Users/hejie/Documents/repository/org/springframework/boot/spring-boot-starter-validation/2.4.4/spring-boot-starter-validation-2.4.4.jar:/Users/hejie/Documents/repository/org/hibernate/validator/hibernate-validator/6.1.7.Final/hibernate-validator-6.1.7.Final.jar:/Users/hejie/Documents/repository/jakarta/validation/jakarta.validation-api/2.0.2/jakarta.validation-api-2.0.2.jar:/Users/hejie/Documents/repository/org/projectlombok/lombok/1.16.20/lombok-1.16.20.jar:/Users/hejie/Documents/repository/com/alibaba/druid/1.2.5/druid-1.2.5.jar:/Users/hejie/Documents/repository/org/hsqldb/hsqldb/2.5.0/hsqldb-2.5.0.jar:/Users/hejie/Documents/repository/com/squareup/okhttp3/okhttp/4.9.1/okhttp-4.9.1.jar:/Users/hejie/Documents/repository/com/squareup/okio/okio/2.8.0/okio-2.8.0.jar:/Users/hejie/Documents/repository/org/jetbrains/kotlin/kotlin-stdlib-common/1.4.31/kotlin-stdlib-common-1.4.31.jar:/Users/hejie/Documents/repository/org/jetbrains/kotlin/kotlin-stdlib/1.4.31/kotlin-stdlib-1.4.31.jar:/Users/hejie/Documents/repository/org/jetbrains/annotations/13.0/annotations-13.0.jar:/Users/hejie/Documents/repository/org/testng/testng/7.4.0/testng-7.4.0.jar:/Users/hejie/Documents/repository/com/beust/jcommander/1.78/jcommander-1.78.jar:/Users/hejie/Documents/repository/org/webjars/jquery/3.5.1/jquery-3.5.1.jar:"/>
    <property name="java.vm.vendor" value="Oracle Corporation"/>
    <property name="sun.arch.data.model" value="64"/>
    <property name="java.vendor.url" value="http://java.oracle.com/"/>
    <property name="user.timezone" value=""/>
    <property name="java.vm.specification.version" value="1.8"/>
    <property name="os.name" value="Mac OS X"/>
    <property name="user.country" value="US"/>
    <property name="sun.java.launcher" value="SUN_STANDARD"/>
    <property name="sun.boot.library.path" value="/Library/Java/JavaVirtualMachines/jdk1.8.0_271.jdk/Contents/Home/jre/lib"/>
    <property name="sun.java.command" value="/Users/hejie/Desktop/BadgeServer/server/target/surefire/surefirebooter1585841895702779605.jar /Users/hejie/Desktop/BadgeServer/server/target/surefire 2021-04-26T16-25-44_351-jvmRun1 surefire8476851047789726043tmp surefire_04999503891976078479tmp"/>
    <property name="http.nonProxyHosts" value="local|*.local|169.254/16|*.169.254/16"/>
    <property name="surefire.test.class.path" value="/Users/hejie/Desktop/BadgeServer/server/target/test-classes:/Users/hejie/Desktop/BadgeServer/server/target/classes:/Users/hejie/Documents/repository/org/springframework/boot/spring-boot-starter-web/2.4.4/spring-boot-starter-web-2.4.4.jar:/Users/hejie/Documents/repository/org/springframework/boot/spring-boot-starter/2.4.4/spring-boot-starter-2.4.4.jar:/Users/hejie/Documents/repository/org/springframework/boot/spring-boot-starter-logging/2.4.4/spring-boot-starter-logging-2.4.4.jar:/Users/hejie/Documents/repository/ch/qos/logback/logback-classic/1.2.3/logback-classic-1.2.3.jar:/Users/hejie/Documents/repository/ch/qos/logback/logback-core/1.2.3/logback-core-1.2.3.jar:/Users/hejie/Documents/repository/org/apache/logging/log4j/log4j-to-slf4j/2.13.3/log4j-to-slf4j-2.13.3.jar:/Users/hejie/Documents/repository/org/apache/logging/log4j/log4j-api/2.13.3/log4j-api-2.13.3.jar:/Users/hejie/Documents/repository/org/slf4j/jul-to-slf4j/1.7.30/jul-to-slf4j-1.7.30.jar:/Users/hejie/Documents/repository/org/yaml/snakeyaml/1.27/snakeyaml-1.27.jar:/Users/hejie/Documents/repository/org/springframework/boot/spring-boot-starter-json/2.4.4/spring-boot-starter-json-2.4.4.jar:/Users/hejie/Documents/repository/com/fasterxml/jackson/datatype/jackson-datatype-jdk8/2.11.4/jackson-datatype-jdk8-2.11.4.jar:/Users/hejie/Documents/repository/com/fasterxml/jackson/datatype/jackson-datatype-jsr310/2.11.4/jackson-datatype-jsr310-2.11.4.jar:/Users/hejie/Documents/repository/com/fasterxml/jackson/module/jackson-module-parameter-names/2.11.4/jackson-module-parameter-names-2.11.4.jar:/Users/hejie/Documents/repository/org/springframework/spring-web/5.3.5/spring-web-5.3.5.jar:/Users/hejie/Documents/repository/org/springframework/spring-beans/5.3.5/spring-beans-5.3.5.jar:/Users/hejie/Documents/repository/org/springframework/spring-webmvc/5.3.5/spring-webmvc-5.3.5.jar:/Users/hejie/Documents/repository/org/springframework/spring-aop/5.3.5/spring-aop-5.3.5.jar:/Users/hejie/Documents/repository/org/springframework/spring-context/5.3.5/spring-context-5.3.5.jar:/Users/hejie/Documents/repository/org/springframework/spring-expression/5.3.5/spring-expression-5.3.5.jar:/Users/hejie/Documents/repository/org/springframework/boot/spring-boot-starter-tomcat/2.4.4/spring-boot-starter-tomcat-2.4.4.jar:/Users/hejie/Documents/repository/jakarta/annotation/jakarta.annotation-api/1.3.5/jakarta.annotation-api-1.3.5.jar:/Users/hejie/Documents/repository/org/apache/tomcat/embed/tomcat-embed-core/9.0.44/tomcat-embed-core-9.0.44.jar:/Users/hejie/Documents/repository/org/glassfish/jakarta.el/3.0.3/jakarta.el-3.0.3.jar:/Users/hejie/Documents/repository/org/apache/tomcat/embed/tomcat-embed-websocket/9.0.44/tomcat-embed-websocket-9.0.44.jar:/Users/hejie/Documents/repository/org/junit/jupiter/junit-jupiter-api/5.7.1/junit-jupiter-api-5.7.1.jar:/Users/hejie/Documents/repository/org/apiguardian/apiguardian-api/1.1.0/apiguardian-api-1.1.0.jar:/Users/hejie/Documents/repository/org/opentest4j/opentest4j/1.2.0/opentest4j-1.2.0.jar:/Users/hejie/Documents/repository/org/junit/platform/junit-platform-commons/1.7.1/junit-platform-commons-1.7.1.jar:/Users/hejie/Documents/repository/com/alibaba/fastjson/1.2.75/fastjson-1.2.75.jar:/Users/hejie/Documents/repository/javax/servlet/javax.servlet-api/4.0.1/javax.servlet-api-4.0.1.jar:/Users/hejie/Documents/repository/org/springframework/boot/spring-boot-starter-data-jpa/2.4.4/spring-boot-starter-data-jpa-2.4.4.jar:/Users/hejie/Documents/repository/org/springframework/boot/spring-boot-starter-aop/2.4.4/spring-boot-starter-aop-2.4.4.jar:/Users/hejie/Documents/repository/org/aspectj/aspectjweaver/1.9.6/aspectjweaver-1.9.6.jar:/Users/hejie/Documents/repository/org/springframework/boot/spring-boot-starter-jdbc/2.4.4/spring-boot-starter-jdbc-2.4.4.jar:/Users/hejie/Documents/repository/com/zaxxer/HikariCP/3.4.5/HikariCP-3.4.5.jar:/Users/hejie/Documents/repository/org/springframework/spring-jdbc/5.3.5/spring-jdbc-5.3.5.jar:/Users/hejie/Documents/repository/jakarta/transaction/jakarta.transaction-api/1.3.3/jakarta.transaction-api-1.3.3.jar:/Users/hejie/Documents/repository/jakarta/persistence/jakarta.persistence-api/2.2.3/jakarta.persistence-api-2.2.3.jar:/Users/hejie/Documents/repository/org/hibernate/hibernate-core/5.4.29.Final/hibernate-core-5.4.29.Final.jar:/Users/hejie/Documents/repository/org/jboss/logging/jboss-logging/3.4.1.Final/jboss-logging-3.4.1.Final.jar:/Users/hejie/Documents/repository/org/javassist/javassist/3.27.0-GA/javassist-3.27.0-GA.jar:/Users/hejie/Documents/repository/net/bytebuddy/byte-buddy/1.10.22/byte-buddy-1.10.22.jar:/Users/hejie/Documents/repository/antlr/antlr/2.7.7/antlr-2.7.7.jar:/Users/hejie/Documents/repository/org/jboss/jandex/2.2.3.Final/jandex-2.2.3.Final.jar:/Users/hejie/Documents/repository/com/fasterxml/classmate/1.5.1/classmate-1.5.1.jar:/Users/hejie/Documents/repository/org/dom4j/dom4j/2.1.3/dom4j-2.1.3.jar:/Users/hejie/Documents/repository/org/hibernate/common/hibernate-commons-annotations/5.1.2.Final/hibernate-commons-annotations-5.1.2.Final.jar:/Users/hejie/Documents/repository/org/glassfish/jaxb/jaxb-runtime/2.3.3/jaxb-runtime-2.3.3.jar:/Users/hejie/Documents/repository/org/glassfish/jaxb/txw2/2.3.3/txw2-2.3.3.jar:/Users/hejie/Documents/repository/com/sun/istack/istack-commons-runtime/3.0.11/istack-commons-runtime-3.0.11.jar:/Users/hejie/Documents/repository/com/sun/activation/jakarta.activation/1.2.2/jakarta.activation-1.2.2.jar:/Users/hejie/Documents/repository/org/springframework/data/spring-data-jpa/2.4.6/spring-data-jpa-2.4.6.jar:/Users/hejie/Documents/repository/org/springframework/data/spring-data-commons/2.4.6/spring-data-commons-2.4.6.jar:/Users/hejie/Documents/repository/org/springframework/spring-orm/5.3.5/spring-orm-5.3.5.jar:/Users/hejie/Documents/repository/org/springframework/spring-tx/5.3.5/spring-tx-5.3.5.jar:/Users/hejie/Documents/repository/org/slf4j/slf4j-api/1.7.30/slf4j-api-1.7.30.jar:/Users/hejie/Documents/repository/org/springframework/spring-aspects/5.3.5/spring-aspects-5.3.5.jar:/Users/hejie/Documents/repository/org/springframework/boot/spring-boot-devtools/2.4.4/spring-boot-devtools-2.4.4.jar:/Users/hejie/Documents/repository/org/springframework/boot/spring-boot/2.4.4/spring-boot-2.4.4.jar:/Users/hejie/Documents/repository/org/springframework/boot/spring-boot-autoconfigure/2.4.4/spring-boot-autoconfigure-2.4.4.jar:/Users/hejie/Documents/repository/com/h2database/h2/1.4.200/h2-1.4.200.jar:/Users/hejie/Documents/repository/mysql/mysql-connector-java/8.0.11/mysql-connector-java-8.0.11.jar:/Users/hejie/Documents/repository/org/springframework/boot/spring-boot-starter-test/2.4.4/spring-boot-starter-test-2.4.4.jar:/Users/hejie/Documents/repository/org/springframework/boot/spring-boot-test/2.4.4/spring-boot-test-2.4.4.jar:/Users/hejie/Documents/repository/org/springframework/boot/spring-boot-test-autoconfigure/2.4.4/spring-boot-test-autoconfigure-2.4.4.jar:/Users/hejie/Documents/repository/com/jayway/jsonpath/json-path/2.4.0/json-path-2.4.0.jar:/Users/hejie/Documents/repository/net/minidev/json-smart/2.3/json-smart-2.3.jar:/Users/hejie/Documents/repository/net/minidev/accessors-smart/1.2/accessors-smart-1.2.jar:/Users/hejie/Documents/repository/org/ow2/asm/asm/5.0.4/asm-5.0.4.jar:/Users/hejie/Documents/repository/jakarta/xml/bind/jakarta.xml.bind-api/2.3.3/jakarta.xml.bind-api-2.3.3.jar:/Users/hejie/Documents/repository/jakarta/activation/jakarta.activation-api/1.2.2/jakarta.activation-api-1.2.2.jar:/Users/hejie/Documents/repository/org/assertj/assertj-core/3.18.1/assertj-core-3.18.1.jar:/Users/hejie/Documents/repository/org/hamcrest/hamcrest/2.2/hamcrest-2.2.jar:/Users/hejie/Documents/repository/org/junit/jupiter/junit-jupiter/5.7.1/junit-jupiter-5.7.1.jar:/Users/hejie/Documents/repository/org/junit/jupiter/junit-jupiter-params/5.7.1/junit-jupiter-params-5.7.1.jar:/Users/hejie/Documents/repository/org/junit/jupiter/junit-jupiter-engine/5.7.1/junit-jupiter-engine-5.7.1.jar:/Users/hejie/Documents/repository/org/junit/platform/junit-platform-engine/1.7.1/junit-platform-engine-1.7.1.jar:/Users/hejie/Documents/repository/org/mockito/mockito-core/3.6.28/mockito-core-3.6.28.jar:/Users/hejie/Documents/repository/net/bytebuddy/byte-buddy-agent/1.10.22/byte-buddy-agent-1.10.22.jar:/Users/hejie/Documents/repository/org/objenesis/objenesis/3.1/objenesis-3.1.jar:/Users/hejie/Documents/repository/org/mockito/mockito-junit-jupiter/3.6.28/mockito-junit-jupiter-3.6.28.jar:/Users/hejie/Documents/repository/org/skyscreamer/jsonassert/1.5.0/jsonassert-1.5.0.jar:/Users/hejie/Documents/repository/com/vaadin/external/google/android-json/0.0.20131108.vaadin1/android-json-0.0.20131108.vaadin1.jar:/Users/hejie/Documents/repository/org/springframework/spring-core/5.3.5/spring-core-5.3.5.jar:/Users/hejie/Documents/repository/org/springframework/spring-jcl/5.3.5/spring-jcl-5.3.5.jar:/Users/hejie/Documents/repository/org/springframework/spring-test/5.3.5/spring-test-5.3.5.jar:/Users/hejie/Documents/repository/org/xmlunit/xmlunit-core/2.7.0/xmlunit-core-2.7.0.jar:/Users/hejie/Documents/repository/javax/validation/validation-api/2.0.1.Final/validation-api-2.0.1.Final.jar:/Users/hejie/Documents/repository/com/google/code/gson/gson/2.8.5/gson-2.8.5.jar:/Users/hejie/Documents/repository/io/jsonwebtoken/jjwt/0.9.0/jjwt-0.9.0.jar:/Users/hejie/Documents/repository/com/fasterxml/jackson/core/jackson-databind/2.11.4/jackson-databind-2.11.4.jar:/Users/hejie/Documents/repository/com/fasterxml/jackson/core/jackson-annotations/2.11.4/jackson-annotations-2.11.4.jar:/Users/hejie/Documents/repository/com/fasterxml/jackson/core/jackson-core/2.11.4/jackson-core-2.11.4.jar:/Users/hejie/Documents/repository/org/springframework/boot/spring-boot-starter-validation/2.4.4/spring-boot-starter-validation-2.4.4.jar:/Users/hejie/Documents/repository/org/hibernate/validator/hibernate-validator/6.1.7.Final/hibernate-validator-6.1.7.Final.jar:/Users/hejie/Documents/repository/jakarta/validation/jakarta.validation-api/2.0.2/jakarta.validation-api-2.0.2.jar:/Users/hejie/Documents/repository/org/projectlombok/lombok/1.16.20/lombok-1.16.20.jar:/Users/hejie/Documents/repository/com/alibaba/druid/1.2.5/druid-1.2.5.jar:/Users/hejie/Documents/repository/org/hsqldb/hsqldb/2.5.0/hsqldb-2.5.0.jar:/Users/hejie/Documents/repository/com/squareup/okhttp3/okhttp/4.9.1/okhttp-4.9.1.jar:/Users/hejie/Documents/repository/com/squareup/okio/okio/2.8.0/okio-2.8.0.jar:/Users/hejie/Documents/repository/org/jetbrains/kotlin/kotlin-stdlib-common/1.4.31/kotlin-stdlib-common-1.4.31.jar:/Users/hejie/Documents/repository/org/jetbrains/kotlin/kotlin-stdlib/1.4.31/kotlin-stdlib-1.4.31.jar:/Users/hejie/Documents/repository/org/jetbrains/annotations/13.0/annotations-13.0.jar:/Users/hejie/Documents/repository/org/testng/testng/7.4.0/testng-7.4.0.jar:/Users/hejie/Documents/repository/com/beust/jcommander/1.78/jcommander-1.78.jar:/Users/hejie/Documents/repository/org/webjars/jquery/3.5.1/jquery-3.5.1.jar:"/>
    <property name="sun.cpu.endian" value="little"/>
    <property name="user.home" value="/Users/hejie"/>
    <property name="user.language" value="en"/>
    <property name="java.specification.vendor" value="Oracle Corporation"/>
    <property name="java.home" value="/Library/Java/JavaVirtualMachines/jdk1.8.0_271.jdk/Contents/Home/jre"/>
    <property name="basedir" value="/Users/hejie/Desktop/BadgeServer/server"/>
    <property name="file.separator" value="/"/>
    <property name="line.separator" value="&#10;"/>
    <property name="java.vm.specification.vendor" value="Oracle Corporation"/>
    <property name="java.specification.name" value="Java Platform API Specification"/>
    <property name="java.awt.graphicsenv" value="sun.awt.CGraphicsEnvironment"/>
    <property name="surefire.real.class.path" value="/Users/hejie/Desktop/BadgeServer/server/target/surefire/surefirebooter1585841895702779605.jar"/>
    <property name="sun.boot.class.path" value="/Library/Java/JavaVirtualMachines/jdk1.8.0_271.jdk/Contents/Home/jre/lib/resources.jar:/Library/Java/JavaVirtualMachines/jdk1.8.0_271.jdk/Contents/Home/jre/lib/rt.jar:/Library/Java/JavaVirtualMachines/jdk1.8.0_271.jdk/Contents/Home/jre/lib/sunrsasign.jar:/Library/Java/JavaVirtualMachines/jdk1.8.0_271.jdk/Contents/Home/jre/lib/jsse.jar:/Library/Java/JavaVirtualMachines/jdk1.8.0_271.jdk/Contents/Home/jre/lib/jce.jar:/Library/Java/JavaVirtualMachines/jdk1.8.0_271.jdk/Contents/Home/jre/lib/charsets.jar:/Library/Java/JavaVirtualMachines/jdk1.8.0_271.jdk/Contents/Home/jre/lib/jfr.jar:/Library/Java/JavaVirtualMachines/jdk1.8.0_271.jdk/Contents/Home/jre/classes"/>
    <property name="sun.management.compiler" value="HotSpot 64-Bit Tiered Compilers"/>
    <property name="ftp.nonProxyHosts" value="local|*.local|169.254/16|*.169.254/16"/>
    <property name="java.runtime.version" value="1.8.0_271-b09"/>
    <property name="user.name" value="hejie"/>
    <property name="path.separator" value=":"/>
    <property name="os.version" value="10.16"/>
    <property name="java.endorsed.dirs" value="/Library/Java/JavaVirtualMachines/jdk1.8.0_271.jdk/Contents/Home/jre/lib/endorsed"/>
    <property name="java.runtime.name" value="Java(TM) SE Runtime Environment"/>
    <property name="file.encoding" value="UTF-8"/>
    <property name="java.vm.name" value="Java HotSpot(TM) 64-Bit Server VM"/>
    <property name="localRepository" value="/Users/hejie/Documents/repository"/>
    <property name="java.vendor.url.bug" value="http://bugreport.sun.com/bugreport/"/>
    <property name="java.io.tmpdir" value="/var/folders/dr/h497q4596k9dypqkgcnfwb8m0000gn/T/"/>
    <property name="java.version" value="1.8.0_271"/>
    <property name="user.dir" value="/Users/hejie/Desktop/BadgeServer/server"/>
    <property name="os.arch" value="x86_64"/>
    <property name="java.vm.specification.name" value="Java Virtual Machine Specification"/>
    <property name="java.awt.printerjob" value="sun.lwawt.macosx.CPrinterJob"/>
    <property name="sun.os.patch.level" value="unknown"/>
    <property name="idea.version2019.3.5" value="true"/>
    <property name="java.library.path" value="/Users/hejie/Library/Java/Extensions:/Library/Java/Extensions:/Network/Library/Java/Extensions:/System/Library/Java/Extensions:/usr/lib/java:."/>
    <property name="java.vm.info" value="mixed mode"/>
    <property name="java.vendor" value="Oracle Corporation"/>
    <property name="java.vm.version" value="25.271-b09"/>
    <property name="java.ext.dirs" value="/Users/hejie/Library/Java/Extensions:/Library/Java/JavaVirtualMachines/jdk1.8.0_271.jdk/Contents/Home/jre/lib/ext:/Library/Java/Extensions:/Network/Library/Java/Extensions:/System/Library/Java/Extensions:/usr/lib/java"/>
    <property name="sun.io.unicode.encoding" value="UnicodeBig"/>
    <property name="maven.repo.local" value="/Users/hejie/Documents/repository"/>
    <property name="java.class.version" value="52.0"/>
    <property name="socksNonProxyHosts" value="local|*.local|169.254/16|*.169.254/16"/>
  </properties>
</testsuite>